[ 2018-12-17T19:04:43+08:00 ] 127.0.0.1 /manage.php
INFO: [ app_init ] --START--
INFO: Run Behavior\BuildLiteBehavior [ RunTime:0.000028s ]
INFO: [ app_init ] --END-- [ RunTime:0.000178s ]
INFO: [ app_begin ] --START--
INFO: Run Behavior\ReadHtmlCacheBehavior [ RunTime:0.000114s ]
INFO: [ app_begin ] --END-- [ RunTime:0.000255s ]

[ 2018-12-17T19:04:45+08:00 ] 127.0.0.1 /manage.php/Login/index.html
INFO: [ app_init ] --START--
INFO: Run Behavior\BuildLiteBehavior [ RunTime:0.000026s ]
INFO: [ app_init ] --END-- [ RunTime:0.000171s ]
INFO: [ app_begin ] --START--
INFO: Run Behavior\ReadHtmlCacheBehavior [ RunTime:0.000077s ]
INFO: [ app_begin ] --END-- [ RunTime:0.000182s ]
INFO: [ view_parse ] --START--
INFO: [ template_filter ] --START--
INFO: Run Behavior\ContentReplaceBehavior [ RunTime:0.000140s ]
INFO: [ template_filter ] --END-- [ RunTime:0.000267s ]
INFO: Run Behavior\ParseTemplateBehavior [ RunTime:0.964901s ]
INFO: [ view_parse ] --END-- [ RunTime:0.965047s ]
INFO: [ view_filter ] --START--
INFO: Run Behavior\WriteHtmlCacheBehavior [ RunTime:0.484885s ]
INFO: [ view_filter ] --END-- [ RunTime:0.485073s ]
INFO: [ app_end ] --START--
INFO: Run Behavior\ShowPageTraceBehavior [ RunTime:0.000165s ]
INFO: [ app_end ] --END-- [ RunTime:0.000307s ]

[ 2018-12-17T19:04:46+08:00 ] 127.0.0.1 /manage.php/Login/verCode.html
INFO: [ app_init ] --START--
INFO: Run Behavior\BuildLiteBehavior [ RunTime:0.000012s ]
INFO: [ app_init ] --END-- [ RunTime:0.000100s ]
INFO: [ app_begin ] --START--
INFO: Run Behavior\ReadHtmlCacheBehavior [ RunTime:0.000039s ]
INFO: [ app_begin ] --END-- [ RunTime:0.000078s ]
INFO: [ app_end ] --START--
INFO: Run Behavior\ShowPageTraceBehavior [ RunTime:0.000062s ]
INFO: [ app_end ] --END-- [ RunTime:0.000151s ]

[ 2018-12-17T19:04:50+08:00 ] 127.0.0.1 /manage.php/Login/doLogin
INFO: [ app_init ] --START--
INFO: Run Behavior\BuildLiteBehavior [ RunTime:0.000042s ]
INFO: [ app_init ] --END-- [ RunTime:0.000275s ]
INFO: [ app_begin ] --START--
INFO: Run Behavior\ReadHtmlCacheBehavior [ RunTime:0.000071s ]
INFO: [ app_begin ] --END-- [ RunTime:0.000163s ]

[ 2018-12-17T19:04:50+08:00 ] 127.0.0.1 /manage.php/Login/verCode.html?0.464943571172469
INFO: [ app_init ] --START--
INFO: Run Behavior\BuildLiteBehavior [ RunTime:0.000013s ]
INFO: [ app_init ] --END-- [ RunTime:0.000088s ]
INFO: [ app_begin ] --START--
INFO: Run Behavior\ReadHtmlCacheBehavior [ RunTime:0.000035s ]
INFO: [ app_begin ] --END-- [ RunTime:0.000091s ]
INFO: [ app_end ] --START--
INFO: Run Behavior\ShowPageTraceBehavior [ RunTime:0.000133s ]
INFO: [ app_end ] --END-- [ RunTime:0.000247s ]

[ 2018-12-17T19:04:54+08:00 ] 127.0.0.1 /manage.php/Login/doLogin
INFO: [ app_init ] --START--
INFO: Run Behavior\BuildLiteBehavior [ RunTime:0.000040s ]
INFO: [ app_init ] --END-- [ RunTime:0.000268s ]
INFO: [ app_begin ] --START--
INFO: Run Behavior\ReadHtmlCacheBehavior [ RunTime:0.000110s ]
INFO: [ app_begin ] --END-- [ RunTime:0.000261s ]
SQL: SHOW COLUMNS FROM `icpnt_adminuser` [ RunTime:0.2065s ]
SQL: SELECT `id`,`groupID` FROM `icpnt_adminuser` WHERE `username` = 'admin' AND `password` = 'e10adc3949ba59abbe56e057f20f883e' LIMIT 1   [ RunTime:0.0011s ]
SQL: UPDATE `icpnt_adminuser` SET `nextLoginIp`='127.0.0.1',`nextLoginTime`='1545044694',`lastLoginIp`='127.0.0.1',`lastLoginTime`='1545044694' WHERE `id` = 1 [ RunTime:0.3606s ]

[ 2018-12-17T19:04:54+08:00 ] 127.0.0.1 /manage.php/Index/index
INFO: [ app_init ] --START--
INFO: Run Behavior\BuildLiteBehavior [ RunTime:0.000028s ]
INFO: [ app_init ] --END-- [ RunTime:0.000166s ]
INFO: [ app_begin ] --START--
INFO: Run Behavior\ReadHtmlCacheBehavior [ RunTime:0.000065s ]
INFO: [ app_begin ] --END-- [ RunTime:0.000156s ]
SQL: SHOW COLUMNS FROM `icpnt_group` [ RunTime:0.0387s ]
SQL: SELECT `rules` FROM `icpnt_group` WHERE `id` = '1' LIMIT 1   [ RunTime:0.0006s ]
SQL: SHOW COLUMNS FROM `icpnt_module` [ RunTime:0.0192s ]
SQL: SELECT `id`,`moduleName`,`moduleLink`,`moduleIcon` FROM `icpnt_module` WHERE `parent_id` = 0 AND `status` = 0 AND `id` IN ('1','2','3','4','5','6','7','8','84','9','10','11','16','51','57','73','45','46','66','74','49','82','83','52','65','54','68','50','77','61','75','69','76','72','71','64','63','62','78','70','44','79','80','81','87','88','90') ORDER BY sort asc  [ RunTime:0.0014s ]
INFO: [ view_parse ] --START--
INFO: [ template_filter ] --START--
INFO: Run Behavior\ContentReplaceBehavior [ RunTime:0.000187s ]
INFO: [ template_filter ] --END-- [ RunTime:0.000309s ]
NOTIC: [8] Undefined index: p /var/www/html/jiaju2/Application/Runtime/Cache/Manage/737aa8fc5877d411a50443dade831133.php 第 35 行.
NOTIC: [8] Undefined index: keyWord /var/www/html/jiaju2/Application/Runtime/Cache/Manage/737aa8fc5877d411a50443dade831133.php 第 36 行.
INFO: Run Behavior\ParseTemplateBehavior [ RunTime:0.025124s ]
INFO: [ view_parse ] --END-- [ RunTime:0.025262s ]
INFO: [ view_filter ] --START--
INFO: Run Behavior\WriteHtmlCacheBehavior [ RunTime:0.000095s ]
INFO: [ view_filter ] --END-- [ RunTime:0.000172s ]
INFO: [ app_end ] --START--
INFO: Run Behavior\ShowPageTraceBehavior [ RunTime:0.000061s ]
INFO: [ app_end ] --END-- [ RunTime:0.000136s ]

[ 2018-12-17T19:04:55+08:00 ] 127.0.0.1 /manage.php/Index/welcome
INFO: [ app_init ] --START--
INFO: Run Behavior\BuildLiteBehavior [ RunTime:0.000009s ]
INFO: [ app_init ] --END-- [ RunTime:0.000056s ]
INFO: [ app_begin ] --START--
INFO: Run Behavior\ReadHtmlCacheBehavior [ RunTime:0.000022s ]
INFO: [ app_begin ] --END-- [ RunTime:0.000053s ]
SQL: SHOW COLUMNS FROM `icpnt_group` [ RunTime:0.0006s ]
SQL: SELECT `rules` FROM `icpnt_group` WHERE `id` = '1' LIMIT 1   [ RunTime:0.0002s ]
SQL: SHOW COLUMNS FROM `icpnt_module` [ RunTime:0.0004s ]
SQL: SELECT `id`,`moduleName`,`moduleLink`,`moduleIcon` FROM `icpnt_module` WHERE `parent_id` = 0 AND `status` = 0 AND `id` IN ('1','2','3','4','5','6','7','8','84','9','10','11','16','51','57','73','45','46','66','74','49','82','83','52','65','54','68','50','77','61','75','69','76','72','71','64','63','62','78','70','44','79','80','81','87','88','90') ORDER BY sort asc  [ RunTime:0.0004s ]
INFO: [ view_parse ] --START--
INFO: [ template_filter ] --START--
INFO: Run Behavior\ContentReplaceBehavior [ RunTime:0.000030s ]
INFO: [ template_filter ] --END-- [ RunTime:0.000072s ]
INFO: Run Behavior\ParseTemplateBehavior [ RunTime:0.000647s ]
INFO: [ view_parse ] --END-- [ RunTime:0.000740s ]
INFO: [ view_filter ] --START--
INFO: Run Behavior\WriteHtmlCacheBehavior [ RunTime:0.000115s ]
INFO: [ view_filter ] --END-- [ RunTime:0.000173s ]
INFO: [ app_end ] --START--
INFO: Run Behavior\ShowPageTraceBehavior [ RunTime:0.000101s ]
INFO: [ app_end ] --END-- [ RunTime:0.000203s ]

[ 2018-12-17T19:04:55+08:00 ] 127.0.0.1 /manage.php/Common/getModuleList
INFO: [ app_init ] --START--
INFO: Run Behavior\BuildLiteBehavior [ RunTime:0.000030s ]
INFO: [ app_init ] --END-- [ RunTime:0.000196s ]
INFO: [ app_begin ] --START--
INFO: Run Behavior\ReadHtmlCacheBehavior [ RunTime:0.000075s ]
INFO: [ app_begin ] --END-- [ RunTime:0.000163s ]
SQL: SHOW COLUMNS FROM `icpnt_group` [ RunTime:0.0010s ]
SQL: SELECT `rules` FROM `icpnt_group` WHERE `id` = '1' LIMIT 1   [ RunTime:0.0005s ]
SQL: SHOW COLUMNS FROM `icpnt_module` [ RunTime:0.0010s ]
SQL: SELECT `id`,`moduleName`,`moduleLink`,`moduleIcon` FROM `icpnt_module` WHERE `parent_id` = '52' AND `id` IN ('1','2','3','4','5','6','7','8','84','9','10','11','16','51','57','73','45','46','66','74','49','82','83','52','65','54','68','50','77','61','75','69','76','72','71','64','63','62','78','70','44','79','80','81','87','88','90') ORDER BY sort asc  [ RunTime:0.0008s ]

[ 2018-12-17T19:04:56+08:00 ] 127.0.0.1 /manage.php/Business/businessList
INFO: [ app_init ] --START--
INFO: Run Behavior\BuildLiteBehavior [ RunTime:0.000010s ]
INFO: [ app_init ] --END-- [ RunTime:0.000064s ]
INFO: [ app_begin ] --START--
INFO: Run Behavior\ReadHtmlCacheBehavior [ RunTime:0.000023s ]
INFO: [ app_begin ] --END-- [ RunTime:0.000055s ]
SQL: SHOW COLUMNS FROM `icpnt_group` [ RunTime:0.0014s ]
SQL: SELECT `rules` FROM `icpnt_group` WHERE `id` = '1' LIMIT 1   [ RunTime:0.0007s ]
SQL: SHOW COLUMNS FROM `icpnt_module` [ RunTime:0.0011s ]
SQL: SELECT `id`,`moduleName`,`moduleLink`,`moduleIcon` FROM `icpnt_module` WHERE `parent_id` = 0 AND `status` = 0 AND `id` IN ('1','2','3','4','5','6','7','8','84','9','10','11','16','51','57','73','45','46','66','74','49','82','83','52','65','54','68','50','77','61','75','69','76','72','71','64','63','62','78','70','44','79','80','81','87','88','90') ORDER BY sort asc  [ RunTime:0.0010s ]
NOTIC: [8] Undefined index: keyWord /var/www/html/jiaju2/Application/Manage/Controller/BusinessController.class.php 第 13 行.
NOTIC: [2] Missing argument 3 for Manage\Controller\CommonController::getDlist(), called in /var/www/html/jiaju2/Application/Manage/Controller/BusinessController.class.php on line 13 and defined /var/www/html/jiaju2/Application/Manage/Controller/CommonController.class.php 第 452 行.
NOTIC: [2] Missing argument 4 for Manage\Controller\CommonController::getDlist(), called in /var/www/html/jiaju2/Application/Manage/Controller/BusinessController.class.php on line 13 and defined /var/www/html/jiaju2/Application/Manage/Controller/CommonController.class.php 第 452 行.
NOTIC: [2] Missing argument 5 for Manage\Controller\CommonController::getDlist(), called in /var/www/html/jiaju2/Application/Manage/Controller/BusinessController.class.php on line 13 and defined /var/www/html/jiaju2/Application/Manage/Controller/CommonController.class.php 第 452 行.
SQL: SHOW COLUMNS FROM `icpnt_business` [ RunTime:0.0256s ]
NOTIC: [8] Undefined index: p /var/www/html/jiaju2/Application/Manage/Controller/CommonController.class.php 第 466 行.
NOTIC: [8] Undefined variable: map /var/www/html/jiaju2/Application/Manage/Controller/CommonController.class.php 第 470 行.
SQL: SELECT * FROM `icpnt_business` ORDER BY id desc LIMIT 0,10   [ RunTime:0.0007s ]
NOTIC: [8] Undefined variable: map /var/www/html/jiaju2/Application/Manage/Controller/CommonController.class.php 第 479 行.
SQL: SELECT COUNT(*) AS tp_count FROM `icpnt_business` LIMIT 1   [ RunTime:0.0005s ]
NOTIC: [8] Undefined variable: map /var/www/html/jiaju2/Application/Manage/Controller/CommonController.class.php 第 481 行.
NOTIC: [2] Invalid argument supplied for foreach() /var/www/html/jiaju2/Application/Manage/Controller/CommonController.class.php 第 481 行.
INFO: [ view_parse ] --START--
INFO: [ template_filter ] --START--
INFO: Run Behavior\ContentReplaceBehavior [ RunTime:0.000165s ]
INFO: [ template_filter ] --END-- [ RunTime:0.000249s ]
NOTIC: [8] Undefined index: p /var/www/html/jiaju2/Application/Runtime/Cache/Manage/1199a8cf01d5254e3045747bc041579f.php 第 35 行.
NOTIC: [8] Undefined index: keyWord /var/www/html/jiaju2/Application/Runtime/Cache/Manage/1199a8cf01d5254e3045747bc041579f.php 第 36 行.
INFO: Run Behavior\ParseTemplateBehavior [ RunTime:0.025756s ]
INFO: [ view_parse ] --END-- [ RunTime:0.025871s ]
INFO: [ view_filter ] --START--
INFO: Run Behavior\WriteHtmlCacheBehavior [ RunTime:0.000052s ]
INFO: [ view_filter ] --END-- [ RunTime:0.000095s ]
INFO: [ app_end ] --START--
INFO: Run Behavior\ShowPageTraceBehavior [ RunTime:0.000034s ]
INFO: [ app_end ] --END-- [ RunTime:0.000077s ]

[ 2018-12-17T19:04:56+08:00 ] 127.0.0.1 /manage.php/Index/unreadOrderMessage
INFO: [ app_init ] --START--
INFO: Run Behavior\BuildLiteBehavior [ RunTime:0.000027s ]
INFO: [ app_init ] --END-- [ RunTime:0.000174s ]
INFO: [ app_begin ] --START--
INFO: Run Behavior\ReadHtmlCacheBehavior [ RunTime:0.000188s ]
INFO: [ app_begin ] --END-- [ RunTime:0.000292s ]
SQL: SHOW COLUMNS FROM `icpnt_group` [ RunTime:0.0007s ]
SQL: SELECT `rules` FROM `icpnt_group` WHERE `id` = '1' LIMIT 1   [ RunTime:0.0003s ]
SQL: SHOW COLUMNS FROM `icpnt_module` [ RunTime:0.0006s ]
SQL: SELECT `id`,`moduleName`,`moduleLink`,`moduleIcon` FROM `icpnt_module` WHERE `parent_id` = 0 AND `status` = 0 AND `id` IN ('1','2','3','4','5','6','7','8','84','9','10','11','16','51','57','73','45','46','66','74','49','82','83','52','65','54','68','50','77','61','75','69','76','72','71','64','63','62','78','70','44','79','80','81','87','88','90') ORDER BY sort asc  [ RunTime:0.0015s ]
SQL: SHOW COLUMNS FROM `icpnt_order` [ RunTime:0.0172s ]
SQL: SHOW COLUMNS FROM `icpnt_ordermessage` [ RunTime:0.0146s ]
SQL: SELECT * FROM `icpnt_ordermessage`  [ RunTime:0.0005s ]
SQL: SELECT COUNT(*) AS tp_count FROM `icpnt_order` WHERE `id` NOT IN ('808','902','1038','1039','1040','1041','1042','1043','1046','1056','805','839','872','875','877','960','962','963','964','965','966','967','1034','1035','1044','1045','1048','1407') AND (  `order_status` = 2 OR `Deposit_type` = 1 ) LIMIT 1   [ RunTime:0.0214s ]

[ 2018-12-17T19:04:57+08:00 ] 127.0.0.1 /manage.php/NavCategory/navCategoryList
INFO: [ app_init ] --START--
INFO: Run Behavior\BuildLiteBehavior [ RunTime:0.000029s ]
INFO: [ app_init ] --END-- [ RunTime:0.000209s ]
INFO: [ app_begin ] --START--
INFO: Run Behavior\ReadHtmlCacheBehavior [ RunTime:0.000103s ]
INFO: [ app_begin ] --END-- [ RunTime:0.000215s ]
SQL: SHOW COLUMNS FROM `icpnt_group` [ RunTime:0.0011s ]
SQL: SELECT `rules` FROM `icpnt_group` WHERE `id` = '1' LIMIT 1   [ RunTime:0.0005s ]
SQL: SHOW COLUMNS FROM `icpnt_module` [ RunTime:0.0009s ]
SQL: SELECT `id`,`moduleName`,`moduleLink`,`moduleIcon` FROM `icpnt_module` WHERE `parent_id` = 0 AND `status` = 0 AND `id` IN ('1','2','3','4','5','6','7','8','84','9','10','11','16','51','57','73','45','46','66','74','49','82','83','52','65','54','68','50','77','61','75','69','76','72','71','64','63','62','78','70','44','79','80','81','87','88','90') ORDER BY sort asc  [ RunTime:0.0008s ]
NOTIC: [8] Undefined index: keyWord /var/www/html/jiaju2/Application/Manage/Controller/NavCategoryController.class.php 第 8 行.
NOTIC: [2] Missing argument 4 for Manage\Controller\CommonController::getDlist(), called in /var/www/html/jiaju2/Application/Manage/Controller/NavCategoryController.class.php on line 8 and defined /var/www/html/jiaju2/Application/Manage/Controller/CommonController.class.php 第 452 行.
NOTIC: [2] Missing argument 5 for Manage\Controller\CommonController::getDlist(), called in /var/www/html/jiaju2/Application/Manage/Controller/NavCategoryController.class.php on line 8 and defined /var/www/html/jiaju2/Application/Manage/Controller/CommonController.class.php 第 452 行.
SQL: SHOW COLUMNS FROM `icpnt_navcategory` [ RunTime:0.0017s ]
NOTIC: [8] Undefined index: p /var/www/html/jiaju2/Application/Manage/Controller/CommonController.class.php 第 466 行.
SQL: SELECT * FROM `icpnt_navcategory` WHERE ( navcate_pid=0 ) ORDER BY id desc LIMIT 0,10   [ RunTime:0.0006s ]
SQL: SELECT COUNT(*) AS tp_count FROM `icpnt_navcategory` WHERE ( navcate_pid=0 ) LIMIT 1   [ RunTime:0.0005s ]
NOTIC: [8] Undefined variable: page /var/www/html/jiaju2/Application/Manage/Controller/CommonController.class.php 第 482 行.
NOTIC: [2] Creating default object from empty value /var/www/html/jiaju2/Application/Manage/Controller/CommonController.class.php 第 482 行.
NOTIC: [8] Undefined property: stdClass::$parameter /var/www/html/jiaju2/Application/Manage/Controller/CommonController.class.php 第 482 行.
INFO: [ view_parse ] --START--
INFO: [ template_filter ] --START--
INFO: Run Behavior\ContentReplaceBehavior [ RunTime:0.000228s ]
INFO: [ template_filter ] --END-- [ RunTime:0.000336s ]
NOTIC: [8] Undefined index: p /var/www/html/jiaju2/Application/Runtime/Cache/Manage/771561fc2aa63f88f265d4227420ef35.php 第 35 行.
NOTIC: [8] Undefined index: keyWord /var/www/html/jiaju2/Application/Runtime/Cache/Manage/771561fc2aa63f88f265d4227420ef35.php 第 36 行.
INFO: Run Behavior\ParseTemplateBehavior [ RunTime:0.010164s ]
INFO: [ view_parse ] --END-- [ RunTime:0.010274s ]
INFO: [ view_filter ] --START--
INFO: Run Behavior\WriteHtmlCacheBehavior [ RunTime:0.000081s ]
INFO: [ view_filter ] --END-- [ RunTime:0.000156s ]
INFO: [ app_end ] --START--
INFO: Run Behavior\ShowPageTraceBehavior [ RunTime:0.000068s ]
INFO: [ app_end ] --END-- [ RunTime:0.000145s ]

[ 2018-12-17T19:04:57+08:00 ] 127.0.0.1 /manage.php/Index/unreadOrderMessage
INFO: [ app_init ] --START--
INFO: Run Behavior\BuildLiteBehavior [ RunTime:0.000038s ]
INFO: [ app_init ] --END-- [ RunTime:0.000238s ]
INFO: [ app_begin ] --START--
INFO: Run Behavior\ReadHtmlCacheBehavior [ RunTime:0.000103s ]
INFO: [ app_begin ] --END-- [ RunTime:0.000262s ]
SQL: SHOW COLUMNS FROM `icpnt_group` [ RunTime:0.0012s ]
SQL: SELECT `rules` FROM `icpnt_group` WHERE `id` = '1' LIMIT 1   [ RunTime:0.0005s ]
SQL: SHOW COLUMNS FROM `icpnt_module` [ RunTime:0.0011s ]
SQL: SELECT `id`,`moduleName`,`moduleLink`,`moduleIcon` FROM `icpnt_module` WHERE `parent_id` = 0 AND `status` = 0 AND `id` IN ('1','2','3','4','5','6','7','8','84','9','10','11','16','51','57','73','45','46','66','74','49','82','83','52','65','54','68','50','77','61','75','69','76','72','71','64','63','62','78','70','44','79','80','81','87','88','90') ORDER BY sort asc  [ RunTime:0.0012s ]
SQL: SHOW COLUMNS FROM `icpnt_order` [ RunTime:0.0013s ]
SQL: SHOW COLUMNS FROM `icpnt_ordermessage` [ RunTime:0.0009s ]
SQL: SELECT * FROM `icpnt_ordermessage`  [ RunTime:0.0005s ]
SQL: SELECT COUNT(*) AS tp_count FROM `icpnt_order` WHERE `id` NOT IN ('808','902','1038','1039','1040','1041','1042','1043','1046','1056','805','839','872','875','877','960','962','963','964','965','966','967','1034','1035','1044','1045','1048','1407') AND (  `order_status` = 2 OR `Deposit_type` = 1 ) LIMIT 1   [ RunTime:0.0011s ]

[ 2018-12-17T19:04:58+08:00 ] 127.0.0.1 /manage.php/Product/serveList
INFO: [ app_init ] --START--
INFO: Run Behavior\BuildLiteBehavior [ RunTime:0.000028s ]
INFO: [ app_init ] --END-- [ RunTime:0.000174s ]
INFO: [ app_begin ] --START--
INFO: Run Behavior\ReadHtmlCacheBehavior [ RunTime:0.000091s ]
INFO: [ app_begin ] --END-- [ RunTime:0.000194s ]
SQL: SHOW COLUMNS FROM `icpnt_group` [ RunTime:0.0011s ]
SQL: SELECT `rules` FROM `icpnt_group` WHERE `id` = '1' LIMIT 1   [ RunTime:0.0007s ]
SQL: SHOW COLUMNS FROM `icpnt_module` [ RunTime:0.0013s ]
SQL: SELECT `id`,`moduleName`,`moduleLink`,`moduleIcon` FROM `icpnt_module` WHERE `parent_id` = 0 AND `status` = 0 AND `id` IN ('1','2','3','4','5','6','7','8','84','9','10','11','16','51','57','73','45','46','66','74','49','82','83','52','65','54','68','50','77','61','75','69','76','72','71','64','63','62','78','70','44','79','80','81','87','88','90') ORDER BY sort asc  [ RunTime:0.0012s ]
NOTIC: [8] Undefined index: keyWord /var/www/html/jiaju2/Application/Manage/Controller/ProductController.class.php 第 536 行.
NOTIC: [2] Missing argument 3 for Manage\Controller\CommonController::getDlist(), called in /var/www/html/jiaju2/Application/Manage/Controller/ProductController.class.php on line 536 and defined /var/www/html/jiaju2/Application/Manage/Controller/CommonController.class.php 第 452 行.
NOTIC: [2] Missing argument 4 for Manage\Controller\CommonController::getDlist(), called in /var/www/html/jiaju2/Application/Manage/Controller/ProductController.class.php on line 536 and defined /var/www/html/jiaju2/Application/Manage/Controller/CommonController.class.php 第 452 行.
NOTIC: [2] Missing argument 5 for Manage\Controller\CommonController::getDlist(), called in /var/www/html/jiaju2/Application/Manage/Controller/ProductController.class.php on line 536 and defined /var/www/html/jiaju2/Application/Manage/Controller/CommonController.class.php 第 452 行.
SQL: SHOW COLUMNS FROM `icpnt_productserve` [ RunTime:0.2518s ]
NOTIC: [8] Undefined index: p /var/www/html/jiaju2/Application/Manage/Controller/CommonController.class.php 第 466 行.
NOTIC: [8] Undefined variable: map /var/www/html/jiaju2/Application/Manage/Controller/CommonController.class.php 第 470 行.
SQL: SELECT * FROM `icpnt_productserve` ORDER BY id desc LIMIT 0,10   [ RunTime:0.0006s ]
NOTIC: [8] Undefined variable: map /var/www/html/jiaju2/Application/Manage/Controller/CommonController.class.php 第 479 行.
SQL: SELECT COUNT(*) AS tp_count FROM `icpnt_productserve` LIMIT 1   [ RunTime:0.0005s ]
NOTIC: [8] Undefined variable: map /var/www/html/jiaju2/Application/Manage/Controller/CommonController.class.php 第 481 行.
NOTIC: [2] Invalid argument supplied for foreach() /var/www/html/jiaju2/Application/Manage/Controller/CommonController.class.php 第 481 行.
INFO: [ view_parse ] --START--
INFO: [ template_filter ] --START--
INFO: Run Behavior\ContentReplaceBehavior [ RunTime:0.000191s ]
INFO: [ template_filter ] --END-- [ RunTime:0.000308s ]
NOTIC: [8] Undefined index: p /var/www/html/jiaju2/Application/Runtime/Cache/Manage/58e8211360ee6d8c9e93a5cb29ab5aa9.php 第 36 行.
NOTIC: [8] Undefined index: keyWord /var/www/html/jiaju2/Application/Runtime/Cache/Manage/58e8211360ee6d8c9e93a5cb29ab5aa9.php 第 37 行.
INFO: Run Behavior\ParseTemplateBehavior [ RunTime:0.794212s ]
INFO: [ view_parse ] --END-- [ RunTime:0.794339s ]
INFO: [ view_filter ] --START--
INFO: Run Behavior\WriteHtmlCacheBehavior [ RunTime:0.000092s ]
INFO: [ view_filter ] --END-- [ RunTime:0.000177s ]
INFO: [ app_end ] --START--
INFO: Run Behavior\ShowPageTraceBehavior [ RunTime:0.000067s ]
INFO: [ app_end ] --END-- [ RunTime:0.000152s ]

[ 2018-12-17T19:04:58+08:00 ] 127.0.0.1 /manage.php/Index/unreadOrderMessage
INFO: [ app_init ] --START--
INFO: Run Behavior\BuildLiteBehavior [ RunTime:0.000027s ]
INFO: [ app_init ] --END-- [ RunTime:0.000174s ]
INFO: [ app_begin ] --START--
INFO: Run Behavior\ReadHtmlCacheBehavior [ RunTime:0.000062s ]
INFO: [ app_begin ] --END-- [ RunTime:0.000157s ]
SQL: SHOW COLUMNS FROM `icpnt_group` [ RunTime:0.0013s ]
SQL: SELECT `rules` FROM `icpnt_group` WHERE `id` = '1' LIMIT 1   [ RunTime:0.0005s ]
SQL: SHOW COLUMNS FROM `icpnt_module` [ RunTime:0.0014s ]
SQL: SELECT `id`,`moduleName`,`moduleLink`,`moduleIcon` FROM `icpnt_module` WHERE `parent_id` = 0 AND `status` = 0 AND `id` IN ('1','2','3','4','5','6','7','8','84','9','10','11','16','51','57','73','45','46','66','74','49','82','83','52','65','54','68','50','77','61','75','69','76','72','71','64','63','62','78','70','44','79','80','81','87','88','90') ORDER BY sort asc  [ RunTime:0.0005s ]
SQL: SHOW COLUMNS FROM `icpnt_order` [ RunTime:0.0004s ]
SQL: SHOW COLUMNS FROM `icpnt_ordermessage` [ RunTime:0.0003s ]
SQL: SELECT * FROM `icpnt_ordermessage`  [ RunTime:0.0002s ]
SQL: SELECT COUNT(*) AS tp_count FROM `icpnt_order` WHERE `id` NOT IN ('808','902','1038','1039','1040','1041','1042','1043','1046','1056','805','839','872','875','877','960','962','963','964','965','966','967','1034','1035','1044','1045','1048','1407') AND (  `order_status` = 2 OR `Deposit_type` = 1 ) LIMIT 1   [ RunTime:0.0004s ]

[ 2018-12-17T19:04:59+08:00 ] 127.0.0.1 /manage.php/Index/unreadOrderMessage
INFO: [ app_init ] --START--
INFO: Run Behavior\BuildLiteBehavior [ RunTime:0.000024s ]
INFO: [ app_init ] --END-- [ RunTime:0.000153s ]
INFO: [ app_begin ] --START--
INFO: Run Behavior\ReadHtmlCacheBehavior [ RunTime:0.000055s ]
INFO: [ app_begin ] --END-- [ RunTime:0.000136s ]
SQL: SHOW COLUMNS FROM `icpnt_group` [ RunTime:0.0003s ]
SQL: SELECT `rules` FROM `icpnt_group` WHERE `id` = '1' LIMIT 1   [ RunTime:0.0001s ]
SQL: SHOW COLUMNS FROM `icpnt_module` [ RunTime:0.0003s ]
SQL: SELECT `id`,`moduleName`,`moduleLink`,`moduleIcon` FROM `icpnt_module` WHERE `parent_id` = 0 AND `status` = 0 AND `id` IN ('1','2','3','4','5','6','7','8','84','9','10','11','16','51','57','73','45','46','66','74','49','82','83','52','65','54','68','50','77','61','75','69','76','72','71','64','63','62','78','70','44','79','80','81','87','88','90') ORDER BY sort asc  [ RunTime:0.0002s ]
SQL: SHOW COLUMNS FROM `icpnt_order` [ RunTime:0.0003s ]
SQL: SHOW COLUMNS FROM `icpnt_ordermessage` [ RunTime:0.0002s ]
SQL: SELECT * FROM `icpnt_ordermessage`  [ RunTime:0.0001s ]
SQL: SELECT COUNT(*) AS tp_count FROM `icpnt_order` WHERE `id` NOT IN ('808','902','1038','1039','1040','1041','1042','1043','1046','1056','805','839','872','875','877','960','962','963','964','965','966','967','1034','1035','1044','1045','1048','1407') AND (  `order_status` = 2 OR `Deposit_type` = 1 ) LIMIT 1   [ RunTime:0.0003s ]

[ 2018-12-17T19:05:00+08:00 ] 127.0.0.1 /manage.php/Index/unreadOrderMessage
INFO: [ app_init ] --START--
INFO: Run Behavior\BuildLiteBehavior [ RunTime:0.000029s ]
INFO: [ app_init ] --END-- [ RunTime:0.000202s ]
INFO: [ app_begin ] --START--
INFO: Run Behavior\ReadHtmlCacheBehavior [ RunTime:0.000072s ]
INFO: [ app_begin ] --END-- [ RunTime:0.000166s ]
SQL: SHOW COLUMNS FROM `icpnt_group` [ RunTime:0.0011s ]
SQL: SELECT `rules` FROM `icpnt_group` WHERE `id` = '1' LIMIT 1   [ RunTime:0.0005s ]
SQL: SHOW COLUMNS FROM `icpnt_module` [ RunTime:0.0010s ]
SQL: SELECT `id`,`moduleName`,`moduleLink`,`moduleIcon` FROM `icpnt_module` WHERE `parent_id` = 0 AND `status` = 0 AND `id` IN ('1','2','3','4','5','6','7','8','84','9','10','11','16','51','57','73','45','46','66','74','49','82','83','52','65','54','68','50','77','61','75','69','76','72','71','64','63','62','78','70','44','79','80','81','87','88','90') ORDER BY sort asc  [ RunTime:0.0009s ]
SQL: SHOW COLUMNS FROM `icpnt_order` [ RunTime:0.0011s ]
SQL: SHOW COLUMNS FROM `icpnt_ordermessage` [ RunTime:0.0008s ]
SQL: SELECT * FROM `icpnt_ordermessage`  [ RunTime:0.0005s ]
SQL: SELECT COUNT(*) AS tp_count FROM `icpnt_order` WHERE `id` NOT IN ('808','902','1038','1039','1040','1041','1042','1043','1046','1056','805','839','872','875','877','960','962','963','964','965','966','967','1034','1035','1044','1045','1048','1407') AND (  `order_status` = 2 OR `Deposit_type` = 1 ) LIMIT 1   [ RunTime:0.0011s ]

[ 2018-12-17T19:05:02+08:00 ] 127.0.0.1 /manage.php/Product/productList
INFO: [ app_init ] --START--
INFO: Run Behavior\BuildLiteBehavior [ RunTime:0.000023s ]
INFO: [ app_init ] --END-- [ RunTime:0.000152s ]
INFO: [ app_begin ] --START--
INFO: Run Behavior\ReadHtmlCacheBehavior [ RunTime:0.000061s ]
INFO: [ app_begin ] --END-- [ RunTime:0.000151s ]
SQL: SHOW COLUMNS FROM `icpnt_group` [ RunTime:0.0010s ]
SQL: SELECT `rules` FROM `icpnt_group` WHERE `id` = '1' LIMIT 1   [ RunTime:0.0005s ]
SQL: SHOW COLUMNS FROM `icpnt_module` [ RunTime:0.0009s ]
SQL: SELECT `id`,`moduleName`,`moduleLink`,`moduleIcon` FROM `icpnt_module` WHERE `parent_id` = 0 AND `status` = 0 AND `id` IN ('1','2','3','4','5','6','7','8','84','9','10','11','16','51','57','73','45','46','66','74','49','82','83','52','65','54','68','50','77','61','75','69','76','72','71','64','63','62','78','70','44','79','80','81','87','88','90') ORDER BY sort asc  [ RunTime:0.0008s ]
NOTIC: [8] Undefined index: keyWord /var/www/html/jiaju2/Application/Manage/Controller/ProductController.class.php 第 16 行.
NOTIC: [8] Undefined index: business_id /var/www/html/jiaju2/Application/Manage/Controller/ProductController.class.php 第 23 行.
NOTIC: [8] Undefined index: p /var/www/html/jiaju2/Application/Manage/Controller/ProductController.class.php 第 28 行.
SQL: SHOW COLUMNS FROM `icpnt_product` [ RunTime:0.1286s ]
SQL: SELECT * FROM `icpnt_product` WHERE `product_type` <> 3 ORDER BY id desc LIMIT 0,10   [ RunTime:0.0008s ]
SQL: SHOW COLUMNS FROM `icpnt_navcategory` [ RunTime:0.0009s ]
SQL: SELECT * FROM `icpnt_navcategory` WHERE ( 1=1 AND id='91' ) LIMIT 1   [ RunTime:0.0005s ]
SQL: SHOW COLUMNS FROM `icpnt_productimage` [ RunTime:0.0195s ]
SQL: SELECT * FROM `icpnt_productimage` WHERE ( 1=1 AND product_id='564' )  [ RunTime:0.0243s ]
SQL: SHOW COLUMNS FROM `icpnt_business` [ RunTime:0.0010s ]
SQL: SELECT * FROM `icpnt_business` WHERE ( 1=1 AND id='10' ) LIMIT 1   [ RunTime:0.0005s ]
SQL: SHOW COLUMNS FROM `icpnt_producttype1` [ RunTime:0.0076s ]
SQL: SELECT * FROM `icpnt_producttype1` WHERE ( 1=1 AND product_id='564' )  [ RunTime:0.0007s ]
SQL: SELECT * FROM `icpnt_navcategory` WHERE ( 1=1 AND id='59' ) LIMIT 1   [ RunTime:0.0006s ]
SQL: SELECT * FROM `icpnt_productimage` WHERE ( 1=1 AND product_id='563' )  [ RunTime:0.0013s ]
SQL: SELECT * FROM `icpnt_business` WHERE ( 1=1 AND id='42' ) LIMIT 1   [ RunTime:0.0005s ]
SQL: SELECT * FROM `icpnt_producttype1` WHERE ( 1=1 AND product_id='563' )  [ RunTime:0.0007s ]
SQL: SHOW COLUMNS FROM `icpnt_productattr1` [ RunTime:0.0116s ]
SQL: SELECT * FROM `icpnt_productattr1` WHERE ( 1=1 AND attrtype_id='477' )  [ RunTime:0.0008s ]
SQL: SELECT * FROM `icpnt_navcategory` WHERE ( 1=1 AND id='59' ) LIMIT 1   [ RunTime:0.0005s ]
SQL: SELECT * FROM `icpnt_productimage` WHERE ( 1=1 AND product_id='562' )  [ RunTime:0.0013s ]
SQL: SELECT * FROM `icpnt_business` WHERE ( 1=1 AND id='42' ) LIMIT 1   [ RunTime:0.0005s ]
SQL: SELECT * FROM `icpnt_producttype1` WHERE ( 1=1 AND product_id='562' )  [ RunTime:0.0007s ]
SQL: SELECT * FROM `icpnt_productattr1` WHERE ( 1=1 AND attrtype_id='476' )  [ RunTime:0.0007s ]
SQL: SELECT * FROM `icpnt_navcategory` WHERE ( 1=1 AND id='59' ) LIMIT 1   [ RunTime:0.0005s ]
SQL: SELECT * FROM `icpnt_productimage` WHERE ( 1=1 AND product_id='561' )  [ RunTime:0.0013s ]
SQL: SELECT * FROM `icpnt_business` WHERE ( 1=1 AND id='42' ) LIMIT 1   [ RunTime:0.0005s ]
SQL: SELECT * FROM `icpnt_producttype1` WHERE ( 1=1 AND product_id='561' )  [ RunTime:0.0007s ]
SQL: SELECT * FROM `icpnt_productattr1` WHERE ( 1=1 AND attrtype_id='475' )  [ RunTime:0.0007s ]
SQL: SELECT * FROM `icpnt_navcategory` WHERE ( 1=1 AND id='59' ) LIMIT 1   [ RunTime:0.0005s ]
SQL: SELECT * FROM `icpnt_productimage` WHERE ( 1=1 AND product_id='560' )  [ RunTime:0.0012s ]
SQL: SELECT * FROM `icpnt_business` WHERE ( 1=1 AND id='42' ) LIMIT 1   [ RunTime:0.0005s ]
SQL: SELECT * FROM `icpnt_producttype1` WHERE ( 1=1 AND product_id='560' )  [ RunTime:0.0006s ]
SQL: SELECT * FROM `icpnt_productattr1` WHERE ( 1=1 AND attrtype_id='474' )  [ RunTime:0.0007s ]
SQL: SELECT * FROM `icpnt_navcategory` WHERE ( 1=1 AND id='59' ) LIMIT 1   [ RunTime:0.0005s ]
SQL: SELECT * FROM `icpnt_productimage` WHERE ( 1=1 AND product_id='559' )  [ RunTime:0.0012s ]
SQL: SELECT * FROM `icpnt_business` WHERE ( 1=1 AND id='42' ) LIMIT 1   [ RunTime:0.0005s ]
SQL: SELECT * FROM `icpnt_producttype1` WHERE ( 1=1 AND product_id='559' )  [ RunTime:0.0006s ]
SQL: SELECT * FROM `icpnt_productattr1` WHERE ( 1=1 AND attrtype_id='473' )  [ RunTime:0.0007s ]
SQL: SELECT * FROM `icpnt_navcategory` WHERE ( 1=1 AND id='59' ) LIMIT 1   [ RunTime:0.0005s ]
SQL: SELECT * FROM `icpnt_productimage` WHERE ( 1=1 AND product_id='558' )  [ RunTime:0.0012s ]
SQL: SELECT * FROM `icpnt_business` WHERE ( 1=1 AND id='42' ) LIMIT 1   [ RunTime:0.0005s ]
SQL: SELECT * FROM `icpnt_producttype1` WHERE ( 1=1 AND product_id='558' )  [ RunTime:0.0006s ]
SQL: SELECT * FROM `icpnt_productattr1` WHERE ( 1=1 AND attrtype_id='472' )  [ RunTime:0.0007s ]
SQL: SELECT * FROM `icpnt_navcategory` WHERE ( 1=1 AND id='59' ) LIMIT 1   [ RunTime:0.0005s ]
SQL: SELECT * FROM `icpnt_productimage` WHERE ( 1=1 AND product_id='557' )  [ RunTime:0.0012s ]
SQL: SELECT * FROM `icpnt_business` WHERE ( 1=1 AND id='42' ) LIMIT 1   [ RunTime:0.0005s ]
SQL: SELECT * FROM `icpnt_producttype1` WHERE ( 1=1 AND product_id='557' )  [ RunTime:0.0006s ]
SQL: SELECT * FROM `icpnt_productattr1` WHERE ( 1=1 AND attrtype_id='471' )  [ RunTime:0.0007s ]
SQL: SELECT * FROM `icpnt_navcategory` WHERE ( 1=1 AND id='59' ) LIMIT 1   [ RunTime:0.0005s ]
SQL: SELECT * FROM `icpnt_productimage` WHERE ( 1=1 AND product_id='555' )  [ RunTime:0.0012s ]
SQL: SELECT * FROM `icpnt_business` WHERE ( 1=1 AND id='42' ) LIMIT 1   [ RunTime:0.0005s ]
SQL: SELECT * FROM `icpnt_producttype1` WHERE ( 1=1 AND product_id='555' )  [ RunTime:0.0006s ]
SQL: SELECT * FROM `icpnt_productattr1` WHERE ( 1=1 AND attrtype_id='470' )  [ RunTime:0.0007s ]
SQL: SELECT * FROM `icpnt_navcategory` WHERE ( 1=1 AND id='73' ) LIMIT 1   [ RunTime:0.0005s ]
SQL: SELECT * FROM `icpnt_productimage` WHERE ( 1=1 AND product_id='540' )  [ RunTime:0.0012s ]
SQL: SELECT * FROM `icpnt_business` WHERE ( 1=1 AND id='23' ) LIMIT 1   [ RunTime:0.0005s ]
SQL: SELECT * FROM `icpnt_producttype1` WHERE ( 1=1 AND product_id='540' )  [ RunTime:0.0007s ]
SQL: SELECT * FROM `icpnt_productattr1` WHERE ( 1=1 AND attrtype_id='438' )  [ RunTime:0.0007s ]
SQL: SELECT COUNT(*) AS tp_count FROM `icpnt_product` WHERE `product_type` <> 3 LIMIT 1   [ RunTime:0.1813s ]
NOTIC: [2] urlencode() expects parameter 1 to be string, array given /var/www/html/jiaju2/Application/Manage/Controller/ProductController.class.php 第 41 行.
NOTIC: [8] Undefined variable: page /var/www/html/jiaju2/Application/Manage/Controller/ProductController.class.php 第 41 行.
NOTIC: [2] Creating default object from empty value /var/www/html/jiaju2/Application/Manage/Controller/ProductController.class.php 第 41 行.
NOTIC: [8] Undefined property: stdClass::$parameter /var/www/html/jiaju2/Application/Manage/Controller/ProductController.class.php 第 41 行.
SQL: SHOW COLUMNS FROM `icpnt_business` [ RunTime:0.0012s ]
SQL: SELECT * FROM `icpnt_business`  [ RunTime:0.0005s ]
INFO: [ view_parse ] --START--
INFO: [ template_filter ] --START--
INFO: Run Behavior\ContentReplaceBehavior [ RunTime:0.000253s ]
INFO: [ template_filter ] --END-- [ RunTime:0.000383s ]
NOTIC: [8] Undefined index: p /var/www/html/jiaju2/Application/Runtime/Cache/Manage/5375cd8e5d94d021a68b7a1595c2e07d.php 第 35 行.
NOTIC: [8] Undefined index: keyWord /var/www/html/jiaju2/Application/Runtime/Cache/Manage/5375cd8e5d94d021a68b7a1595c2e07d.php 第 36 行.
NOTIC: [8] Undefined index: keyWord /var/www/html/jiaju2/Application/Runtime/Cache/Manage/5375cd8e5d94d021a68b7a1595c2e07d.php 第 66 行.
NOTIC: [8] Undefined index: business_id /var/www/html/jiaju2/Application/Runtime/Cache/Manage/5375cd8e5d94d021a68b7a1595c2e07d.php 第 70 行.
NOTIC: [8] Undefined index: business_id /var/www/html/jiaju2/Application/Runtime/Cache/Manage/5375cd8e5d94d021a68b7a1595c2e07d.php 第 70 行.
NOTIC: [8] Undefined index: business_id /var/www/html/jiaju2/Application/Runtime/Cache/Manage/5375cd8e5d94d021a68b7a1595c2e07d.php 第 70 行.
NOTIC: [8] Undefined index: business_id /var/www/html/jiaju2/Application/Runtime/Cache/Manage/5375cd8e5d94d021a68b7a1595c2e07d.php 第 70 行.
NOTIC: [8] Undefined index: business_id /var/www/html/jiaju2/Application/Runtime/Cache/Manage/5375cd8e5d94d021a68b7a1595c2e07d.php 第 70 行.
NOTIC: [8] Undefined index: business_id /var/www/html/jiaju2/Application/Runtime/Cache/Manage/5375cd8e5d94d021a68b7a1595c2e07d.php 第 70 行.
NOTIC: [8] Undefined index: business_id /var/www/html/jiaju2/Application/Runtime/Cache/Manage/5375cd8e5d94d021a68b7a1595c2e07d.php 第 70 行.
NOTIC: [8] Undefined index: business_id /var/www/html/jiaju2/Application/Runtime/Cache/Manage/5375cd8e5d94d021a68b7a1595c2e07d.php 第 70 行.
NOTIC: [8] Undefined index: business_id /var/www/html/jiaju2/Application/Runtime/Cache/Manage/5375cd8e5d94d021a68b7a1595c2e07d.php 第 70 行.
NOTIC: [8] Undefined index: business_id /var/www/html/jiaju2/Application/Runtime/Cache/Manage/5375cd8e5d94d021a68b7a1595c2e07d.php 第 70 行.
NOTIC: [8] Undefined index: business_id /var/www/html/jiaju2/Application/Runtime/Cache/Manage/5375cd8e5d94d021a68b7a1595c2e07d.php 第 70 行.
NOTIC: [8] Undefined index: business_id /var/www/html/jiaju2/Application/Runtime/Cache/Manage/5375cd8e5d94d021a68b7a1595c2e07d.php 第 70 行.
NOTIC: [8] Undefined index: business_id /var/www/html/jiaju2/Application/Runtime/Cache/Manage/5375cd8e5d94d021a68b7a1595c2e07d.php 第 70 行.
NOTIC: [8] Undefined index: business_id /var/www/html/jiaju2/Application/Runtime/Cache/Manage/5375cd8e5d94d021a68b7a1595c2e07d.php 第 70 行.
NOTIC: [8] Undefined index: business_id /var/www/html/jiaju2/Application/Runtime/Cache/Manage/5375cd8e5d94d021a68b7a1595c2e07d.php 第 70 行.
NOTIC: [8] Undefined index: business_id /var/www/html/jiaju2/Application/Runtime/Cache/Manage/5375cd8e5d94d021a68b7a1595c2e07d.php 第 70 行.
NOTIC: [8] Undefined index: business_id /var/www/html/jiaju2/Application/Runtime/Cache/Manage/5375cd8e5d94d021a68b7a1595c2e07d.php 第 70 行.
NOTIC: [8] Undefined index: business_id /var/www/html/jiaju2/Application/Runtime/Cache/Manage/5375cd8e5d94d021a68b7a1595c2e07d.php 第 70 行.
NOTIC: [8] Undefined index: business_id /var/www/html/jiaju2/Application/Runtime/Cache/Manage/5375cd8e5d94d021a68b7a1595c2e07d.php 第 70 行.
NOTIC: [8] Undefined index: business_id /var/www/html/jiaju2/Application/Runtime/Cache/Manage/5375cd8e5d94d021a68b7a1595c2e07d.php 第 70 行.
NOTIC: [8] Undefined index: business_id /var/www/html/jiaju2/Application/Runtime/Cache/Manage/5375cd8e5d94d021a68b7a1595c2e07d.php 第 70 行.
NOTIC: [8] Undefined index: business_id /var/www/html/jiaju2/Application/Runtime/Cache/Manage/5375cd8e5d94d021a68b7a1595c2e07d.php 第 70 行.
NOTIC: [8] Undefined index: business_id /var/www/html/jiaju2/Application/Runtime/Cache/Manage/5375cd8e5d94d021a68b7a1595c2e07d.php 第 70 行.
NOTIC: [8] Undefined index: business_id /var/www/html/jiaju2/Application/Runtime/Cache/Manage/5375cd8e5d94d021a68b7a1595c2e07d.php 第 70 行.
NOTIC: [8] Undefined index: business_id /var/www/html/jiaju2/Application/Runtime/Cache/Manage/5375cd8e5d94d021a68b7a1595c2e07d.php 第 70 行.
NOTIC: [8] Undefined index: business_id /var/www/html/jiaju2/Application/Runtime/Cache/Manage/5375cd8e5d94d021a68b7a1595c2e07d.php 第 70 行.
NOTIC: [8] Undefined index: business_id /var/www/html/jiaju2/Application/Runtime/Cache/Manage/5375cd8e5d94d021a68b7a1595c2e07d.php 第 70 行.
NOTIC: [8] Undefined index: business_id /var/www/html/jiaju2/Application/Runtime/Cache/Manage/5375cd8e5d94d021a68b7a1595c2e07d.php 第 70 行.
NOTIC: [8] Undefined index: business_id /var/www/html/jiaju2/Application/Runtime/Cache/Manage/5375cd8e5d94d021a68b7a1595c2e07d.php 第 70 行.
NOTIC: [8] Undefined index: business_id /var/www/html/jiaju2/Application/Runtime/Cache/Manage/5375cd8e5d94d021a68b7a1595c2e07d.php 第 70 行.
NOTIC: [8] Undefined index: business_id /var/www/html/jiaju2/Application/Runtime/Cache/Manage/5375cd8e5d94d021a68b7a1595c2e07d.php 第 70 行.
NOTIC: [8] Undefined index: business_id /var/www/html/jiaju2/Application/Runtime/Cache/Manage/5375cd8e5d94d021a68b7a1595c2e07d.php 第 70 行.
NOTIC: [8] Undefined index: business_id /var/www/html/jiaju2/Application/Runtime/Cache/Manage/5375cd8e5d94d021a68b7a1595c2e07d.php 第 70 行.
NOTIC: [8] Undefined index: business_id /var/www/html/jiaju2/Application/Runtime/Cache/Manage/5375cd8e5d94d021a68b7a1595c2e07d.php 第 70 行.
NOTIC: [8] Undefined index: business_id /var/www/html/jiaju2/Application/Runtime/Cache/Manage/5375cd8e5d94d021a68b7a1595c2e07d.php 第 70 行.
NOTIC: [8] Undefined index: business_id /var/www/html/jiaju2/Application/Runtime/Cache/Manage/5375cd8e5d94d021a68b7a1595c2e07d.php 第 74 行.
NOTIC: [8] Undefined index: product_stock /var/www/html/jiaju2/Application/Runtime/Cache/Manage/5375cd8e5d94d021a68b7a1595c2e07d.php 第 103 行.
NOTIC: [8] Undefined index: product_freight /var/www/html/jiaju2/Application/Runtime/Cache/Manage/5375cd8e5d94d021a68b7a1595c2e07d.php 第 104 行.
NOTIC: [8] Undefined index: product_stock /var/www/html/jiaju2/Application/Runtime/Cache/Manage/5375cd8e5d94d021a68b7a1595c2e07d.php 第 103 行.
NOTIC: [8] Undefined index: product_freight /var/www/html/jiaju2/Application/Runtime/Cache/Manage/5375cd8e5d94d021a68b7a1595c2e07d.php 第 104 行.
NOTIC: [8] Undefined index: product_stock /var/www/html/jiaju2/Application/Runtime/Cache/Manage/5375cd8e5d94d021a68b7a1595c2e07d.php 第 103 行.
NOTIC: [8] Undefined index: product_freight /var/www/html/jiaju2/Application/Runtime/Cache/Manage/5375cd8e5d94d021a68b7a1595c2e07d.php 第 104 行.
NOTIC: [8] Undefined index: product_stock /var/www/html/jiaju2/Application/Runtime/Cache/Manage/5375cd8e5d94d021a68b7a1595c2e07d.php 第 103 行.
NOTIC: [8] Undefined index: product_freight /var/www/html/jiaju2/Application/Runtime/Cache/Manage/5375cd8e5d94d021a68b7a1595c2e07d.php 第 104 行.
NOTIC: [8] Undefined index: product_stock /var/www/html/jiaju2/Application/Runtime/Cache/Manage/5375cd8e5d94d021a68b7a1595c2e07d.php 第 103 行.
NOTIC: [8] Undefined index: product_freight /var/www/html/jiaju2/Application/Runtime/Cache/Manage/5375cd8e5d94d021a68b7a1595c2e07d.php 第 104 行.
NOTIC: [8] Undefined index: product_stock /var/www/html/jiaju2/Application/Runtime/Cache/Manage/5375cd8e5d94d021a68b7a1595c2e07d.php 第 103 行.
NOTIC: [8] Undefined index: product_freight /var/www/html/jiaju2/Application/Runtime/Cache/Manage/5375cd8e5d94d021a68b7a1595c2e07d.php 第 104 行.
NOTIC: [8] Undefined index: product_stock /var/www/html/jiaju2/Application/Runtime/Cache/Manage/5375cd8e5d94d021a68b7a1595c2e07d.php 第 103 行.
NOTIC: [8] Undefined index: product_freight /var/www/html/jiaju2/Application/Runtime/Cache/Manage/5375cd8e5d94d021a68b7a1595c2e07d.php 第 104 行.
NOTIC: [8] Undefined index: product_stock /var/www/html/jiaju2/Application/Runtime/Cache/Manage/5375cd8e5d94d021a68b7a1595c2e07d.php 第 103 行.
NOTIC: [8] Undefined index: product_freight /var/www/html/jiaju2/Application/Runtime/Cache/Manage/5375cd8e5d94d021a68b7a1595c2e07d.php 第 104 行.
NOTIC: [8] Undefined index: product_stock /var/www/html/jiaju2/Application/Runtime/Cache/Manage/5375cd8e5d94d021a68b7a1595c2e07d.php 第 103 行.
NOTIC: [8] Undefined index: product_freight /var/www/html/jiaju2/Application/Runtime/Cache/Manage/5375cd8e5d94d021a68b7a1595c2e07d.php 第 104 行.
NOTIC: [8] Undefined index: product_stock /var/www/html/jiaju2/Application/Runtime/Cache/Manage/5375cd8e5d94d021a68b7a1595c2e07d.php 第 103 行.
NOTIC: [8] Undefined index: product_freight /var/www/html/jiaju2/Application/Runtime/Cache/Manage/5375cd8e5d94d021a68b7a1595c2e07d.php 第 104 行.
INFO: Run Behavior\ParseTemplateBehavior [ RunTime:0.036106s ]
INFO: [ view_parse ] --END-- [ RunTime:0.036198s ]
INFO: [ view_filter ] --START--
INFO: Run Behavior\WriteHtmlCacheBehavior [ RunTime:0.000092s ]
INFO: [ view_filter ] --END-- [ RunTime:0.000179s ]
INFO: [ app_end ] --START--
INFO: Run Behavior\ShowPageTraceBehavior [ RunTime:0.000075s ]
INFO: [ app_end ] --END-- [ RunTime:0.000160s ]

[ 2018-12-17T19:05:02+08:00 ] 127.0.0.1 /manage.php/Index/unreadOrderMessage
INFO: [ app_init ] --START--
INFO: Run Behavior\BuildLiteBehavior [ RunTime:0.000028s ]
INFO: [ app_init ] --END-- [ RunTime:0.000173s ]
INFO: [ app_begin ] --START--
INFO: Run Behavior\ReadHtmlCacheBehavior [ RunTime:0.000066s ]
INFO: [ app_begin ] --END-- [ RunTime:0.000162s ]
SQL: SHOW COLUMNS FROM `icpnt_group` [ RunTime:0.0012s ]
SQL: SELECT `rules` FROM `icpnt_group` WHERE `id` = '1' LIMIT 1   [ RunTime:0.0005s ]
SQL: SHOW COLUMNS FROM `icpnt_module` [ RunTime:0.0011s ]
SQL: SELECT `id`,`moduleName`,`moduleLink`,`moduleIcon` FROM `icpnt_module` WHERE `parent_id` = 0 AND `status` = 0 AND `id` IN ('1','2','3','4','5','6','7','8','84','9','10','11','16','51','57','73','45','46','66','74','49','82','83','52','65','54','68','50','77','61','75','69','76','72','71','64','63','62','78','70','44','79','80','81','87','88','90') ORDER BY sort asc  [ RunTime:0.0010s ]
SQL: SHOW COLUMNS FROM `icpnt_order` [ RunTime:0.0011s ]
SQL: SHOW COLUMNS FROM `icpnt_ordermessage` [ RunTime:0.0003s ]
SQL: SELECT * FROM `icpnt_ordermessage`  [ RunTime:0.0001s ]
SQL: SELECT COUNT(*) AS tp_count FROM `icpnt_order` WHERE `id` NOT IN ('808','902','1038','1039','1040','1041','1042','1043','1046','1056','805','839','872','875','877','960','962','963','964','965','966','967','1034','1035','1044','1045','1048','1407') AND (  `order_status` = 2 OR `Deposit_type` = 1 ) LIMIT 1   [ RunTime:0.0003s ]

[ 2018-12-17T19:05:02+08:00 ] 127.0.0.1 /manage.php/Index/unreadOrderMessage
INFO: [ app_init ] --START--
INFO: Run Behavior\BuildLiteBehavior [ RunTime:0.000026s ]
INFO: [ app_init ] --END-- [ RunTime:0.000173s ]
INFO: [ app_begin ] --START--
INFO: Run Behavior\ReadHtmlCacheBehavior [ RunTime:0.000074s ]
INFO: [ app_begin ] --END-- [ RunTime:0.000163s ]
SQL: SHOW COLUMNS FROM `icpnt_group` [ RunTime:0.0005s ]
SQL: SELECT `rules` FROM `icpnt_group` WHERE `id` = '1' LIMIT 1   [ RunTime:0.0002s ]
SQL: SHOW COLUMNS FROM `icpnt_module` [ RunTime:0.0006s ]
SQL: SELECT `id`,`moduleName`,`moduleLink`,`moduleIcon` FROM `icpnt_module` WHERE `parent_id` = 0 AND `status` = 0 AND `id` IN ('1','2','3','4','5','6','7','8','84','9','10','11','16','51','57','73','45','46','66','74','49','82','83','52','65','54','68','50','77','61','75','69','76','72','71','64','63','62','78','70','44','79','80','81','87','88','90') ORDER BY sort asc  [ RunTime:0.0008s ]
SQL: SHOW COLUMNS FROM `icpnt_order` [ RunTime:0.0009s ]
SQL: SHOW COLUMNS FROM `icpnt_ordermessage` [ RunTime:0.0007s ]
SQL: SELECT * FROM `icpnt_ordermessage`  [ RunTime:0.0004s ]
SQL: SELECT COUNT(*) AS tp_count FROM `icpnt_order` WHERE `id` NOT IN ('808','902','1038','1039','1040','1041','1042','1043','1046','1056','805','839','872','875','877','960','962','963','964','965','966','967','1034','1035','1044','1045','1048','1407') AND (  `order_status` = 2 OR `Deposit_type` = 1 ) LIMIT 1   [ RunTime:0.0008s ]

[ 2018-12-17T19:05:03+08:00 ] 127.0.0.1 /manage.php/Index/unreadOrderMessage
INFO: [ app_init ] --START--
INFO: Run Behavior\BuildLiteBehavior [ RunTime:0.000029s ]
INFO: [ app_init ] --END-- [ RunTime:0.000250s ]
INFO: [ app_begin ] --START--
INFO: Run Behavior\ReadHtmlCacheBehavior [ RunTime:0.000068s ]
INFO: [ app_begin ] --END-- [ RunTime:0.000161s ]
SQL: SHOW COLUMNS FROM `icpnt_group` [ RunTime:0.0011s ]
SQL: SELECT `rules` FROM `icpnt_group` WHERE `id` = '1' LIMIT 1   [ RunTime:0.0005s ]
SQL: SHOW COLUMNS FROM `icpnt_module` [ RunTime:0.0010s ]
SQL: SELECT `id`,`moduleName`,`moduleLink`,`moduleIcon` FROM `icpnt_module` WHERE `parent_id` = 0 AND `status` = 0 AND `id` IN ('1','2','3','4','5','6','7','8','84','9','10','11','16','51','57','73','45','46','66','74','49','82','83','52','65','54','68','50','77','61','75','69','76','72','71','64','63','62','78','70','44','79','80','81','87','88','90') ORDER BY sort asc  [ RunTime:0.0009s ]
SQL: SHOW COLUMNS FROM `icpnt_order` [ RunTime:0.0010s ]
SQL: SHOW COLUMNS FROM `icpnt_ordermessage` [ RunTime:0.0008s ]
SQL: SELECT * FROM `icpnt_ordermessage`  [ RunTime:0.0004s ]
SQL: SELECT COUNT(*) AS tp_count FROM `icpnt_order` WHERE `id` NOT IN ('808','902','1038','1039','1040','1041','1042','1043','1046','1056','805','839','872','875','877','960','962','963','964','965','966','967','1034','1035','1044','1045','1048','1407') AND (  `order_status` = 2 OR `Deposit_type` = 1 ) LIMIT 1   [ RunTime:0.0010s ]

[ 2018-12-17T19:05:04+08:00 ] 127.0.0.1 /manage.php/Index/unreadOrderMessage
INFO: [ app_init ] --START--
INFO: Run Behavior\BuildLiteBehavior [ RunTime:0.000027s ]
INFO: [ app_init ] --END-- [ RunTime:0.000173s ]
INFO: [ app_begin ] --START--
INFO: Run Behavior\ReadHtmlCacheBehavior [ RunTime:0.000064s ]
INFO: [ app_begin ] --END-- [ RunTime:0.000157s ]
SQL: SHOW COLUMNS FROM `icpnt_group` [ RunTime:0.0011s ]
SQL: SELECT `rules` FROM `icpnt_group` WHERE `id` = '1' LIMIT 1   [ RunTime:0.0005s ]
SQL: SHOW COLUMNS FROM `icpnt_module` [ RunTime:0.0010s ]
SQL: SELECT `id`,`moduleName`,`moduleLink`,`moduleIcon` FROM `icpnt_module` WHERE `parent_id` = 0 AND `status` = 0 AND `id` IN ('1','2','3','4','5','6','7','8','84','9','10','11','16','51','57','73','45','46','66','74','49','82','83','52','65','54','68','50','77','61','75','69','76','72','71','64','63','62','78','70','44','79','80','81','87','88','90') ORDER BY sort asc  [ RunTime:0.0009s ]
SQL: SHOW COLUMNS FROM `icpnt_order` [ RunTime:0.0012s ]
SQL: SHOW COLUMNS FROM `icpnt_ordermessage` [ RunTime:0.0008s ]
SQL: SELECT * FROM `icpnt_ordermessage`  [ RunTime:0.0005s ]
SQL: SELECT COUNT(*) AS tp_count FROM `icpnt_order` WHERE `id` NOT IN ('808','902','1038','1039','1040','1041','1042','1043','1046','1056','805','839','872','875','877','960','962','963','964','965','966','967','1034','1035','1044','1045','1048','1407') AND (  `order_status` = 2 OR `Deposit_type` = 1 ) LIMIT 1   [ RunTime:0.0011s ]

